# JRE version: Java(TM) SE Runtime Environment (8.0_91-b15) (build 1.8.0_91-b15)
# Java VM: Java HotSpot(TM) 64-Bit Server VM (25.91-b15 mixed mode windows-amd64 compressed oops)
Heap:
 PSYoungGen      total 388096K, used 387751K [0x000000076b380000, 0x0000000784f00000, 0x00000007c0000000)
  eden space 380928K, 100% used [0x000000076b380000,0x0000000782780000,0x0000000782780000)
  from space 7168K, 95% used [0x0000000784800000,0x0000000784ea9e48,0x0000000784f00000)
  to   space 17408K, 0% used [0x0000000782d00000,0x0000000782d00000,0x0000000783e00000)
 ParOldGen       total 284160K, used 55685K [0x00000006c1a00000, 0x00000006d2f80000, 0x000000076b380000)
  object space 284160K, 19% used [0x00000006c1a00000,0x00000006c5061518,0x00000006d2f80000)
 Metaspace       used 48104K, capacity 53374K, committed 53552K, reserved 1095680K
  class space    used 5283K, capacity 6678K, committed 6704K, reserved 1048576K
GC Heap History (10 events):
Event: 4.620 GC heap before
{Heap before GC invocations=9 (full 2):
 PSYoungGen      total 232448K, used 226816K [0x000000076b380000, 0x000000077c880000, 0x00000007c0000000)
  eden space 226816K, 100% used [0x000000076b380000,0x0000000779100000,0x0000000779100000)
  from space 5632K, 0% used [0x000000077c300000,0x000000077c300000,0x000000077c880000)
  to   space 15872K, 0% used [0x000000077a980000,0x000000077a980000,0x000000077b900000)
 ParOldGen       total 227840K, used 46028K [0x00000006c1a00000, 0x00000006cf880000, 0x000000076b380000)
  object space 227840K, 20% used [0x00000006c1a00000,0x00000006c46f33f8,0x00000006cf880000)
 Metaspace       used 28402K, capacity 31261K, committed 31408K, reserved 1077248K
  class space    used 3148K, capacity 4012K, committed 4016K, reserved 1048576K
Event: 4.624 GC heap after
Heap after GC invocations=9 (full 2):
 PSYoungGen      total 267776K, used 5928K [0x000000076b380000, 0x0000000780d80000, 0x00000007c0000000)
  eden space 251904K, 0% used [0x000000076b380000,0x000000076b380000,0x000000077a980000)
  from space 15872K, 37% used [0x000000077a980000,0x000000077af4a088,0x000000077b900000)
  to   space 15360K, 0% used [0x000000077fe80000,0x000000077fe80000,0x0000000780d80000)
 ParOldGen       total 227840K, used 46036K [0x00000006c1a00000, 0x00000006cf880000, 0x000000076b380000)
  object space 227840K, 20% used [0x00000006c1a00000,0x00000006c46f53f8,0x00000006cf880000)
 Metaspace       used 28402K, capacity 31261K, committed 31408K, reserved 1077248K
  class space    used 3148K, capacity 4012K, committed 4016K, reserved 1048576K
}
Event: 5.532 GC heap before
{Heap before GC invocations=10 (full 2):
 PSYoungGen      total 267776K, used 257832K [0x000000076b380000, 0x0000000780d80000, 0x00000007c0000000)
  eden space 251904K, 100% used [0x000000076b380000,0x000000077a980000,0x000000077a980000)
  from space 15872K, 37% used [0x000000077a980000,0x000000077af4a088,0x000000077b900000)
  to   space 15360K, 0% used [0x000000077fe80000,0x000000077fe80000,0x0000000780d80000)
 ParOldGen       total 227840K, used 46036K [0x00000006c1a00000, 0x00000006cf880000, 0x000000076b380000)
  object space 227840K, 20% used [0x00000006c1a00000,0x00000006c46f53f8,0x00000006cf880000)
 Metaspace       used 34810K, capacity 38068K, committed 38448K, reserved 1083392K
  class space    used 3802K, capacity 4792K, committed 4912K, reserved 1048576K
Event: 5.542 GC heap after
Heap after GC invocations=10 (full 2):
 PSYoungGen      total 337408K, used 13593K [0x000000076b380000, 0x0000000782b00000, 0x00000007c0000000)
  eden space 322048K, 0% used [0x000000076b380000,0x000000076b380000,0x000000077ee00000)
  from space 15360K, 88% used [0x000000077fe80000,0x0000000780bc6408,0x0000000780d80000)
  to   space 16896K, 0% used [0x000000077ee00000,0x000000077ee00000,0x000000077fe80000)
 ParOldGen       total 227840K, used 46044K [0x00000006c1a00000, 0x00000006cf880000, 0x000000076b380000)
  object space 227840K, 20% used [0x00000006c1a00000,0x00000006c46f73f8,0x00000006cf880000)
 Metaspace       used 34810K, capacity 38068K, committed 38448K, reserved 1083392K
  class space    used 3802K, capacity 4792K, committed 4912K, reserved 1048576K
}
Event: 6.155 GC heap before
{Heap before GC invocations=11 (full 2):
 PSYoungGen      total 337408K, used 205678K [0x000000076b380000, 0x0000000782b00000, 0x00000007c0000000)
  eden space 322048K, 59% used [0x000000076b380000,0x0000000776f154f0,0x000000077ee00000)
  from space 15360K, 88% used [0x000000077fe80000,0x0000000780bc6408,0x0000000780d80000)
  to   space 16896K, 0% used [0x000000077ee00000,0x000000077ee00000,0x000000077fe80000)
 ParOldGen       total 227840K, used 46044K [0x00000006c1a00000, 0x00000006cf880000, 0x000000076b380000)
  object space 227840K, 20% used [0x00000006c1a00000,0x00000006c46f73f8,0x00000006cf880000)
 Metaspace       used 40523K, capacity 44182K, committed 44208K, reserved 1087488K
  class space    used 4440K, capacity 5545K, committed 5552K, reserved 1048576K
Event: 6.165 GC heap after
Heap after GC invocations=11 (full 2):
 PSYoungGen      total 338944K, used 13704K [0x000000076b380000, 0x0000000785980000, 0x00000007c0000000)
  eden space 322048K, 0% used [0x000000076b380000,0x000000076b380000,0x000000077ee00000)
  from space 16896K, 81% used [0x000000077ee00000,0x000000077fb62368,0x000000077fe80000)
  to   space 17920K, 0% used [0x0000000784800000,0x0000000784800000,0x0000000785980000)
 ParOldGen       total 227840K, used 46052K [0x00000006c1a00000, 0x00000006cf880000, 0x000000076b380000)
  object space 227840K, 20% used [0x00000006c1a00000,0x00000006c46f93f8,0x00000006cf880000)
 Metaspace       used 40523K, capacity 44182K, committed 44208K, reserved 1087488K
  class space    used 4440K, capacity 5545K, committed 5552K, reserved 1048576K
}
Event: 6.165 GC heap before
{Heap before GC invocations=12 (full 3):
 PSYoungGen      total 338944K, used 13704K [0x000000076b380000, 0x0000000785980000, 0x00000007c0000000)
  eden space 322048K, 0% used [0x000000076b380000,0x000000076b380000,0x000000077ee00000)
  from space 16896K, 81% used [0x000000077ee00000,0x000000077fb62368,0x000000077fe80000)
  to   space 17920K, 0% used [0x0000000784800000,0x0000000784800000,0x0000000785980000)
 ParOldGen       total 227840K, used 46052K [0x00000006c1a00000, 0x00000006cf880000, 0x000000076b380000)
  object space 227840K, 20% used [0x00000006c1a00000,0x00000006c46f93f8,0x00000006cf880000)
 Metaspace       used 40523K, capacity 44182K, committed 44208K, reserved 1087488K
  class space    used 4440K, capacity 5545K, committed 5552K, reserved 1048576K
Event: 6.268 GC heap after
Heap after GC invocations=12 (full 3):
 PSYoungGen      total 338944K, used 0K [0x000000076b380000, 0x0000000785980000, 0x00000007c0000000)
  eden space 322048K, 0% used [0x000000076b380000,0x000000076b380000,0x000000077ee00000)
  from space 16896K, 0% used [0x000000077ee00000,0x000000077ee00000,0x000000077fe80000)
  to   space 17920K, 0% used [0x0000000784800000,0x0000000784800000,0x0000000785980000)
 ParOldGen       total 284160K, used 55677K [0x00000006c1a00000, 0x00000006d2f80000, 0x000000076b380000)
  object space 284160K, 19% used [0x00000006c1a00000,0x00000006c505f518,0x00000006d2f80000)
 Metaspace       used 40523K, capacity 44182K, committed 44208K, reserved 1087488K
  class space    used 4440K, capacity 5545K, committed 5552K, reserved 1048576K
}
Event: 7.150 GC heap before
{Heap before GC invocations=13 (full 3):
 PSYoungGen      total 338944K, used 322048K [0x000000076b380000, 0x0000000785980000, 0x00000007c0000000)
  eden space 322048K, 100% used [0x000000076b380000,0x000000077ee00000,0x000000077ee00000)
  from space 16896K, 0% used [0x000000077ee00000,0x000000077ee00000,0x000000077fe80000)
  to   space 17920K, 0% used [0x0000000784800000,0x0000000784800000,0x0000000785980000)
 ParOldGen       total 284160K, used 55677K [0x00000006c1a00000, 0x00000006d2f80000, 0x000000076b380000)
  object space 284160K, 19% used [0x00000006c1a00000,0x00000006c505f518,0x00000006d2f80000)
 Metaspace       used 46626K, capacity 51022K, committed 51120K, reserved 1093632K
  class space    used 5172K, capacity 6501K, committed 6576K, reserved 1048576K
Event: 7.157 GC heap after
Heap after GC invocations=13 (full 3):
 PSYoungGen      total 388096K, used 6823K [0x000000076b380000, 0x0000000784f00000, 0x00000007c0000000)
  eden space 380928K, 0% used [0x000000076b380000,0x000000076b380000,0x0000000782780000)
  from space 7168K, 95% used [0x0000000784800000,0x0000000784ea9e48,0x0000000784f00000)
  to   space 17408K, 0% used [0x0000000782d00000,0x0000000782d00000,0x0000000783e00000)
 ParOldGen       total 284160K, used 55685K [0x00000006c1a00000, 0x00000006d2f80000, 0x000000076b380000)
  object space 284160K, 19% used [0x00000006c1a00000,0x00000006c5061518,0x00000006d2f80000)
 Metaspace       used 46626K, capacity 51022K, committed 51120K, reserved 1093632K
  class space    used 5172K, capacity 6501K, committed 6576K, reserved 1048576K
}

