# JRE version: Java(TM) SE Runtime Environment (8.0_91-b15) (build 1.8.0_91-b15)
# Java VM: Java HotSpot(TM) 64-Bit Server VM (25.91-b15 mixed mode windows-amd64 compressed oops)
Heap:
 PSYoungGen      total 342528K, used 139316K [0x000000076b380000, 0x0000000781f00000, 0x00000007c0000000)
  eden space 333824K, 39% used [0x000000076b380000,0x0000000773343e58,0x000000077f980000)
  from space 8704K, 97% used [0x0000000781680000,0x0000000781ec9548,0x0000000781f00000)
  to   space 13312K, 0% used [0x0000000780500000,0x0000000780500000,0x0000000781200000)
 ParOldGen       total 225792K, used 51191K [0x00000006c1a00000, 0x00000006cf680000, 0x000000076b380000)
  object space 225792K, 22% used [0x00000006c1a00000,0x00000006c4bfdcc8,0x00000006cf680000)
 Metaspace       used 47450K, capacity 52528K, committed 52784K, reserved 1095680K
  class space    used 5312K, capacity 6667K, committed 6704K, reserved 1048576K
GC Heap History (10 events):
Event: 12.260 GC heap before
{Heap before GC invocations=11 (full 2):
 PSYoungGen      total 210432K, used 210191K [0x000000076b380000, 0x000000077b400000, 0x00000007c0000000)
  eden space 205824K, 100% used [0x000000076b380000,0x0000000777c80000,0x0000000777c80000)
  from space 4608K, 94% used [0x000000077af80000,0x000000077b3c3d48,0x000000077b400000)
  to   space 13312K, 0% used [0x0000000779a00000,0x0000000779a00000,0x000000077a700000)
 ParOldGen       total 189952K, used 44112K [0x00000006c1a00000, 0x00000006cd380000, 0x000000076b380000)
  object space 189952K, 23% used [0x00000006c1a00000,0x00000006c4514078,0x00000006cd380000)
 Metaspace       used 32431K, capacity 35525K, committed 35632K, reserved 1081344K
  class space    used 3656K, capacity 4626K, committed 4656K, reserved 1048576K
Event: 12.266 GC heap after
Heap after GC invocations=11 (full 2):
 PSYoungGen      total 249344K, used 8718K [0x000000076b380000, 0x000000077d380000, 0x00000007c0000000)
  eden space 236032K, 0% used [0x000000076b380000,0x000000076b380000,0x0000000779a00000)
  from space 13312K, 65% used [0x0000000779a00000,0x000000077a283930,0x000000077a700000)
  to   space 13312K, 0% used [0x000000077c680000,0x000000077c680000,0x000000077d380000)
 ParOldGen       total 189952K, used 44112K [0x00000006c1a00000, 0x00000006cd380000, 0x000000076b380000)
  object space 189952K, 23% used [0x00000006c1a00000,0x00000006c4514078,0x00000006cd380000)
 Metaspace       used 32431K, capacity 35525K, committed 35632K, reserved 1081344K
  class space    used 3656K, capacity 4626K, committed 4656K, reserved 1048576K
}
Event: 13.373 GC heap before
{Heap before GC invocations=12 (full 2):
 PSYoungGen      total 249344K, used 244750K [0x000000076b380000, 0x000000077d380000, 0x00000007c0000000)
  eden space 236032K, 100% used [0x000000076b380000,0x0000000779a00000,0x0000000779a00000)
  from space 13312K, 65% used [0x0000000779a00000,0x000000077a283930,0x000000077a700000)
  to   space 13312K, 0% used [0x000000077c680000,0x000000077c680000,0x000000077d380000)
 ParOldGen       total 189952K, used 44112K [0x00000006c1a00000, 0x00000006cd380000, 0x000000076b380000)
  object space 189952K, 23% used [0x00000006c1a00000,0x00000006c4514078,0x00000006cd380000)
 Metaspace       used 38255K, capacity 41602K, committed 41904K, reserved 1085440K
  class space    used 4188K, capacity 5179K, committed 5296K, reserved 1048576K
Event: 13.385 GC heap after
Heap after GC invocations=12 (full 2):
 PSYoungGen      total 281088K, used 10977K [0x000000076b380000, 0x000000077f700000, 0x00000007c0000000)
  eden space 267776K, 0% used [0x000000076b380000,0x000000076b380000,0x000000077b900000)
  from space 13312K, 82% used [0x000000077c680000,0x000000077d1386d0,0x000000077d380000)
  to   space 13824K, 0% used [0x000000077b900000,0x000000077b900000,0x000000077c680000)
 ParOldGen       total 189952K, used 44112K [0x00000006c1a00000, 0x00000006cd380000, 0x000000076b380000)
  object space 189952K, 23% used [0x00000006c1a00000,0x00000006c4514078,0x00000006cd380000)
 Metaspace       used 38255K, capacity 41602K, committed 41904K, reserved 1085440K
  class space    used 4188K, capacity 5179K, committed 5296K, reserved 1048576K
}
Event: 13.649 GC heap before
{Heap before GC invocations=13 (full 2):
 PSYoungGen      total 281088K, used 52016K [0x000000076b380000, 0x000000077f700000, 0x00000007c0000000)
  eden space 267776K, 15% used [0x000000076b380000,0x000000076db93ae8,0x000000077b900000)
  from space 13312K, 82% used [0x000000077c680000,0x000000077d1386d0,0x000000077d380000)
  to   space 13824K, 0% used [0x000000077b900000,0x000000077b900000,0x000000077c680000)
 ParOldGen       total 189952K, used 44112K [0x00000006c1a00000, 0x00000006cd380000, 0x000000076b380000)
  object space 189952K, 23% used [0x00000006c1a00000,0x00000006c4514078,0x00000006cd380000)
 Metaspace       used 39362K, capacity 42666K, committed 42748K, reserved 1087488K
  class space    used 4299K, capacity 5279K, committed 5296K, reserved 1048576K
Event: 13.656 GC heap after
Heap after GC invocations=13 (full 2):
 PSYoungGen      total 281600K, used 9612K [0x000000076b380000, 0x0000000782400000, 0x00000007c0000000)
  eden space 267776K, 0% used [0x000000076b380000,0x000000076b380000,0x000000077b900000)
  from space 13824K, 69% used [0x000000077b900000,0x000000077c263220,0x000000077c680000)
  to   space 13824K, 0% used [0x0000000781680000,0x0000000781680000,0x0000000782400000)
 ParOldGen       total 189952K, used 44112K [0x00000006c1a00000, 0x00000006cd380000, 0x000000076b380000)
  object space 189952K, 23% used [0x00000006c1a00000,0x00000006c4514078,0x00000006cd380000)
 Metaspace       used 39362K, capacity 42666K, committed 42748K, reserved 1087488K
  class space    used 4299K, capacity 5279K, committed 5296K, reserved 1048576K
}
Event: 13.656 GC heap before
{Heap before GC invocations=14 (full 3):
 PSYoungGen      total 281600K, used 9612K [0x000000076b380000, 0x0000000782400000, 0x00000007c0000000)
  eden space 267776K, 0% used [0x000000076b380000,0x000000076b380000,0x000000077b900000)
  from space 13824K, 69% used [0x000000077b900000,0x000000077c263220,0x000000077c680000)
  to   space 13824K, 0% used [0x0000000781680000,0x0000000781680000,0x0000000782400000)
 ParOldGen       total 189952K, used 44112K [0x00000006c1a00000, 0x00000006cd380000, 0x000000076b380000)
  object space 189952K, 23% used [0x00000006c1a00000,0x00000006c4514078,0x00000006cd380000)
 Metaspace       used 39362K, capacity 42666K, committed 42748K, reserved 1087488K
  class space    used 4299K, capacity 5279K, committed 5296K, reserved 1048576K
Event: 13.811 GC heap after
Heap after GC invocations=14 (full 3):
 PSYoungGen      total 281600K, used 0K [0x000000076b380000, 0x0000000782400000, 0x00000007c0000000)
  eden space 267776K, 0% used [0x000000076b380000,0x000000076b380000,0x000000077b900000)
  from space 13824K, 0% used [0x000000077b900000,0x000000077b900000,0x000000077c680000)
  to   space 13824K, 0% used [0x0000000781680000,0x0000000781680000,0x0000000782400000)
 ParOldGen       total 225792K, used 51183K [0x00000006c1a00000, 0x00000006cf680000, 0x000000076b380000)
  object space 225792K, 22% used [0x00000006c1a00000,0x00000006c4bfbcc8,0x00000006cf680000)
 Metaspace       used 39362K, capacity 42666K, committed 42748K, reserved 1087488K
  class space    used 4299K, capacity 5279K, committed 5296K, reserved 1048576K
}
Event: 15.385 GC heap before
{Heap before GC invocations=15 (full 3):
 PSYoungGen      total 281600K, used 267776K [0x000000076b380000, 0x0000000782400000, 0x00000007c0000000)
  eden space 267776K, 100% used [0x000000076b380000,0x000000077b900000,0x000000077b900000)
  from space 13824K, 0% used [0x000000077b900000,0x000000077b900000,0x000000077c680000)
  to   space 13824K, 0% used [0x0000000781680000,0x0000000781680000,0x0000000782400000)
 ParOldGen       total 225792K, used 51183K [0x00000006c1a00000, 0x00000006cf680000, 0x000000076b380000)
  object space 225792K, 22% used [0x00000006c1a00000,0x00000006c4bfbcc8,0x00000006cf680000)
 Metaspace       used 46296K, capacity 50570K, committed 50864K, reserved 1093632K
  class space    used 5193K, capacity 6515K, committed 6576K, reserved 1048576K
Event: 15.392 GC heap after
Heap after GC invocations=15 (full 3):
 PSYoungGen      total 342528K, used 8485K [0x000000076b380000, 0x0000000781f00000, 0x00000007c0000000)
  eden space 333824K, 0% used [0x000000076b380000,0x000000076b380000,0x000000077f980000)
  from space 8704K, 97% used [0x0000000781680000,0x0000000781ec9548,0x0000000781f00000)
  to   space 13312K, 0% used [0x0000000780500000,0x0000000780500000,0x0000000781200000)
 ParOldGen       total 225792K, used 51191K [0x00000006c1a00000, 0x00000006cf680000, 0x000000076b380000)
  object space 225792K, 22% used [0x00000006c1a00000,0x00000006c4bfdcc8,0x00000006cf680000)
 Metaspace       used 46296K, capacity 50570K, committed 50864K, reserved 1093632K
  class space    used 5193K, capacity 6515K, committed 6576K, reserved 1048576K
}

