# JRE version: Java(TM) SE Runtime Environment (8.0_91-b15) (build 1.8.0_91-b15)
# Java VM: Java HotSpot(TM) 64-Bit Server VM (25.91-b15 mixed mode windows-amd64 compressed oops)
Heap:
 PSYoungGen      total 382464K, used 56295K [0x000000076b380000, 0x0000000787200000, 0x00000007c0000000)
  eden space 363008K, 13% used [0x000000076b380000,0x000000076e516278,0x0000000781600000)
  from space 19456K, 28% used [0x0000000781600000,0x0000000781b63cb0,0x0000000782900000)
  to   space 18944K, 0% used [0x0000000785f80000,0x0000000785f80000,0x0000000787200000)
 ParOldGen       total 293888K, used 55058K [0x00000006c1a00000, 0x00000006d3900000, 0x000000076b380000)
  object space 293888K, 18% used [0x00000006c1a00000,0x00000006c4fc4ac0,0x00000006d3900000)
 Metaspace       used 48352K, capacity 53860K, committed 54096K, reserved 1095680K
  class space    used 5382K, capacity 6877K, committed 6992K, reserved 1048576K
GC Heap History (10 events):
Event: 4.910 GC heap before
{Heap before GC invocations=10 (full 2):
 PSYoungGen      total 267776K, used 257539K [0x000000076b380000, 0x0000000780080000, 0x00000007c0000000)
  eden space 251392K, 100% used [0x000000076b380000,0x000000077a900000,0x000000077a900000)
  from space 16384K, 37% used [0x000000077a900000,0x000000077af00de0,0x000000077b900000)
  to   space 15872K, 0% used [0x000000077f100000,0x000000077f100000,0x0000000780080000)
 ParOldGen       total 234496K, used 45757K [0x00000006c1a00000, 0x00000006cff00000, 0x000000076b380000)
  object space 234496K, 19% used [0x00000006c1a00000,0x00000006c46af6e8,0x00000006cff00000)
 Metaspace       used 34292K, capacity 37645K, committed 37936K, reserved 1083392K
  class space    used 3790K, capacity 4792K, committed 4912K, reserved 1048576K
Event: 4.922 GC heap after
Heap after GC invocations=10 (full 2):
 PSYoungGen      total 321536K, used 15867K [0x000000076b380000, 0x0000000783180000, 0x00000007c0000000)
  eden space 305664K, 0% used [0x000000076b380000,0x000000076b380000,0x000000077de00000)
  from space 15872K, 99% used [0x000000077f100000,0x000000078007eef8,0x0000000780080000)
  to   space 19456K, 0% used [0x000000077de00000,0x000000077de00000,0x000000077f100000)
 ParOldGen       total 234496K, used 48255K [0x00000006c1a00000, 0x00000006cff00000, 0x000000076b380000)
  object space 234496K, 20% used [0x00000006c1a00000,0x00000006c491fce0,0x00000006cff00000)
 Metaspace       used 34292K, capacity 37645K, committed 37936K, reserved 1083392K
  class space    used 3790K, capacity 4792K, committed 4912K, reserved 1048576K
}
Event: 5.615 GC heap before
{Heap before GC invocations=11 (full 2):
 PSYoungGen      total 321536K, used 223709K [0x000000076b380000, 0x0000000783180000, 0x00000007c0000000)
  eden space 305664K, 67% used [0x000000076b380000,0x0000000777e78820,0x000000077de00000)
  from space 15872K, 99% used [0x000000077f100000,0x000000078007eef8,0x0000000780080000)
  to   space 19456K, 0% used [0x000000077de00000,0x000000077de00000,0x000000077f100000)
 ParOldGen       total 234496K, used 48255K [0x00000006c1a00000, 0x00000006cff00000, 0x000000076b380000)
  object space 234496K, 20% used [0x00000006c1a00000,0x00000006c491fce0,0x00000006cff00000)
 Metaspace       used 40534K, capacity 44150K, committed 44240K, reserved 1087488K
  class space    used 4426K, capacity 5557K, committed 5584K, reserved 1048576K
Event: 5.624 GC heap after
Heap after GC invocations=11 (full 2):
 PSYoungGen      total 325120K, used 12335K [0x000000076b380000, 0x0000000784880000, 0x00000007c0000000)
  eden space 305664K, 0% used [0x000000076b380000,0x000000076b380000,0x000000077de00000)
  from space 19456K, 63% used [0x000000077de00000,0x000000077ea0be30,0x000000077f100000)
  to   space 19456K, 0% used [0x0000000783580000,0x0000000783580000,0x0000000784880000)
 ParOldGen       total 234496K, used 48263K [0x00000006c1a00000, 0x00000006cff00000, 0x000000076b380000)
  object space 234496K, 20% used [0x00000006c1a00000,0x00000006c4921ce0,0x00000006cff00000)
 Metaspace       used 40534K, capacity 44150K, committed 44240K, reserved 1087488K
  class space    used 4426K, capacity 5557K, committed 5584K, reserved 1048576K
}
Event: 5.624 GC heap before
{Heap before GC invocations=12 (full 3):
 PSYoungGen      total 325120K, used 12335K [0x000000076b380000, 0x0000000784880000, 0x00000007c0000000)
  eden space 305664K, 0% used [0x000000076b380000,0x000000076b380000,0x000000077de00000)
  from space 19456K, 63% used [0x000000077de00000,0x000000077ea0be30,0x000000077f100000)
  to   space 19456K, 0% used [0x0000000783580000,0x0000000783580000,0x0000000784880000)
 ParOldGen       total 234496K, used 48263K [0x00000006c1a00000, 0x00000006cff00000, 0x000000076b380000)
  object space 234496K, 20% used [0x00000006c1a00000,0x00000006c4921ce0,0x00000006cff00000)
 Metaspace       used 40534K, capacity 44150K, committed 44240K, reserved 1087488K
  class space    used 4426K, capacity 5557K, committed 5584K, reserved 1048576K
Event: 5.729 GC heap after
Heap after GC invocations=12 (full 3):
 PSYoungGen      total 325120K, used 0K [0x000000076b380000, 0x0000000784880000, 0x00000007c0000000)
  eden space 305664K, 0% used [0x000000076b380000,0x000000076b380000,0x000000077de00000)
  from space 19456K, 0% used [0x000000077de00000,0x000000077de00000,0x000000077f100000)
  to   space 19456K, 0% used [0x0000000783580000,0x0000000783580000,0x0000000784880000)
 ParOldGen       total 293888K, used 55034K [0x00000006c1a00000, 0x00000006d3900000, 0x000000076b380000)
  object space 293888K, 18% used [0x00000006c1a00000,0x00000006c4fbeac0,0x00000006d3900000)
 Metaspace       used 40534K, capacity 44150K, committed 44240K, reserved 1087488K
  class space    used 4426K, capacity 5557K, committed 5584K, reserved 1048576K
}
Event: 6.663 GC heap before
{Heap before GC invocations=13 (full 3):
 PSYoungGen      total 325120K, used 305664K [0x000000076b380000, 0x0000000784880000, 0x00000007c0000000)
  eden space 305664K, 100% used [0x000000076b380000,0x000000077de00000,0x000000077de00000)
  from space 19456K, 0% used [0x000000077de00000,0x000000077de00000,0x000000077f100000)
  to   space 19456K, 0% used [0x0000000783580000,0x0000000783580000,0x0000000784880000)
 ParOldGen       total 293888K, used 55034K [0x00000006c1a00000, 0x00000006d3900000, 0x000000076b380000)
  object space 293888K, 18% used [0x00000006c1a00000,0x00000006c4fbeac0,0x00000006d3900000)
 Metaspace       used 46581K, capacity 51298K, committed 51536K, reserved 1093632K
  class space    used 5248K, capacity 6675K, committed 6736K, reserved 1048576K
Event: 6.668 GC heap after
Heap after GC invocations=13 (full 3):
 PSYoungGen      total 366592K, used 6299K [0x000000076b380000, 0x0000000783c00000, 0x00000007c0000000)
  eden space 359936K, 0% used [0x000000076b380000,0x000000076b380000,0x0000000781300000)
  from space 6656K, 94% used [0x0000000783580000,0x0000000783ba6ec0,0x0000000783c00000)
  to   space 19456K, 0% used [0x0000000781600000,0x0000000781600000,0x0000000782900000)
 ParOldGen       total 293888K, used 55042K [0x00000006c1a00000, 0x00000006d3900000, 0x000000076b380000)
  object space 293888K, 18% used [0x00000006c1a00000,0x00000006c4fc0ac0,0x00000006d3900000)
 Metaspace       used 46581K, capacity 51298K, committed 51536K, reserved 1093632K
  class space    used 5248K, capacity 6675K, committed 6736K, reserved 1048576K
}
Event: 7.295 GC heap before
{Heap before GC invocations=14 (full 3):
 PSYoungGen      total 366592K, used 364875K [0x000000076b380000, 0x0000000783c00000, 0x00000007c0000000)
  eden space 359936K, 99% used [0x000000076b380000,0x00000007811abd58,0x0000000781300000)
  from space 6656K, 94% used [0x0000000783580000,0x0000000783ba6ec0,0x0000000783c00000)
  to   space 19456K, 0% used [0x0000000781600000,0x0000000781600000,0x0000000782900000)
 ParOldGen       total 293888K, used 55042K [0x00000006c1a00000, 0x00000006d3900000, 0x000000076b380000)
  object space 293888K, 18% used [0x00000006c1a00000,0x00000006c4fc0ac0,0x00000006d3900000)
 Metaspace       used 48316K, capacity 53780K, committed 54096K, reserved 1095680K
  class space    used 5380K, capacity 6875K, committed 6992K, reserved 1048576K
Event: 7.301 GC heap after
Heap after GC invocations=14 (full 3):
 PSYoungGen      total 382464K, used 5519K [0x000000076b380000, 0x0000000787200000, 0x00000007c0000000)
  eden space 363008K, 0% used [0x000000076b380000,0x000000076b380000,0x0000000781600000)
  from space 19456K, 28% used [0x0000000781600000,0x0000000781b63cb0,0x0000000782900000)
  to   space 18944K, 0% used [0x0000000785f80000,0x0000000785f80000,0x0000000787200000)
 ParOldGen       total 293888K, used 55058K [0x00000006c1a00000, 0x00000006d3900000, 0x000000076b380000)
  object space 293888K, 18% used [0x00000006c1a00000,0x00000006c4fc4ac0,0x00000006d3900000)
 Metaspace       used 48316K, capacity 53780K, committed 54096K, reserved 1095680K
  class space    used 5380K, capacity 6875K, committed 6992K, reserved 1048576K
}

