# JRE version: Java(TM) SE Runtime Environment (8.0_91-b15) (build 1.8.0_91-b15)
# Java VM: Java HotSpot(TM) 64-Bit Server VM (25.91-b15 mixed mode windows-amd64 compressed oops)
Heap:
 PSYoungGen      total 370176K, used 248837K [0x000000076b380000, 0x0000000785d00000, 0x00000007c0000000)
  eden space 354304K, 67% used [0x000000076b380000,0x0000000779eb6668,0x0000000780d80000)
  from space 15872K, 50% used [0x0000000780d80000,0x000000078154b0b0,0x0000000781d00000)
  to   space 15360K, 0% used [0x0000000784e00000,0x0000000784e00000,0x0000000785d00000)
 ParOldGen       total 299520K, used 55019K [0x00000006c1a00000, 0x00000006d3e80000, 0x000000076b380000)
  object space 299520K, 18% used [0x00000006c1a00000,0x00000006c4fbae20,0x00000006d3e80000)
 Metaspace       used 49060K, capacity 54842K, committed 55040K, reserved 1097728K
  class space    used 5544K, capacity 7096K, committed 7168K, reserved 1048576K
GC Heap History (10 events):
Event: 4.668 GC heap before
{Heap before GC invocations=10 (full 2):
 PSYoungGen      total 267776K, used 259340K [0x000000076b380000, 0x000000077f700000, 0x00000007c0000000)
  eden space 253440K, 100% used [0x000000076b380000,0x000000077ab00000,0x000000077ab00000)
  from space 14336K, 41% used [0x000000077ab00000,0x000000077b0c3030,0x000000077b900000)
  to   space 13824K, 0% used [0x000000077e980000,0x000000077e980000,0x000000077f700000)
 ParOldGen       total 236544K, used 45589K [0x00000006c1a00000, 0x00000006d0100000, 0x000000076b380000)
  object space 236544K, 19% used [0x00000006c1a00000,0x00000006c46856b8,0x00000006d0100000)
 Metaspace       used 34801K, capacity 38107K, committed 38400K, reserved 1083392K
  class space    used 3818K, capacity 4819K, committed 4864K, reserved 1048576K
Event: 4.677 GC heap after
Heap after GC invocations=10 (full 2):
 PSYoungGen      total 316416K, used 11636K [0x000000076b380000, 0x0000000781f00000, 0x00000007c0000000)
  eden space 302592K, 0% used [0x000000076b380000,0x000000076b380000,0x000000077db00000)
  from space 13824K, 84% used [0x000000077e980000,0x000000077f4dd108,0x000000077f700000)
  to   space 14848K, 0% used [0x000000077db00000,0x000000077db00000,0x000000077e980000)
 ParOldGen       total 236544K, used 45589K [0x00000006c1a00000, 0x00000006d0100000, 0x000000076b380000)
  object space 236544K, 19% used [0x00000006c1a00000,0x00000006c46856b8,0x00000006d0100000)
 Metaspace       used 34801K, capacity 38107K, committed 38400K, reserved 1083392K
  class space    used 3818K, capacity 4819K, committed 4864K, reserved 1048576K
}
Event: 5.214 GC heap before
{Heap before GC invocations=11 (full 2):
 PSYoungGen      total 316416K, used 182130K [0x000000076b380000, 0x0000000781f00000, 0x00000007c0000000)
  eden space 302592K, 56% used [0x000000076b380000,0x00000007759ffab8,0x000000077db00000)
  from space 13824K, 84% used [0x000000077e980000,0x000000077f4dd108,0x000000077f700000)
  to   space 14848K, 0% used [0x000000077db00000,0x000000077db00000,0x000000077e980000)
 ParOldGen       total 236544K, used 45589K [0x00000006c1a00000, 0x00000006d0100000, 0x000000076b380000)
  object space 236544K, 19% used [0x00000006c1a00000,0x00000006c46856b8,0x00000006d0100000)
 Metaspace       used 40536K, capacity 44098K, committed 44160K, reserved 1087488K
  class space    used 4388K, capacity 5504K, committed 5504K, reserved 1048576K
Event: 5.224 GC heap after
Heap after GC invocations=11 (full 2):
 PSYoungGen      total 317440K, used 12544K [0x000000076b380000, 0x0000000783780000, 0x00000007c0000000)
  eden space 302592K, 0% used [0x000000076b380000,0x000000076b380000,0x000000077db00000)
  from space 14848K, 84% used [0x000000077db00000,0x000000077e740280,0x000000077e980000)
  to   space 15872K, 0% used [0x0000000782800000,0x0000000782800000,0x0000000783780000)
 ParOldGen       total 236544K, used 45597K [0x00000006c1a00000, 0x00000006d0100000, 0x000000076b380000)
  object space 236544K, 19% used [0x00000006c1a00000,0x00000006c46876b8,0x00000006d0100000)
 Metaspace       used 40536K, capacity 44098K, committed 44160K, reserved 1087488K
  class space    used 4388K, capacity 5504K, committed 5504K, reserved 1048576K
}
Event: 5.224 GC heap before
{Heap before GC invocations=12 (full 3):
 PSYoungGen      total 317440K, used 12544K [0x000000076b380000, 0x0000000783780000, 0x00000007c0000000)
  eden space 302592K, 0% used [0x000000076b380000,0x000000076b380000,0x000000077db00000)
  from space 14848K, 84% used [0x000000077db00000,0x000000077e740280,0x000000077e980000)
  to   space 15872K, 0% used [0x0000000782800000,0x0000000782800000,0x0000000783780000)
 ParOldGen       total 236544K, used 45597K [0x00000006c1a00000, 0x00000006d0100000, 0x000000076b380000)
  object space 236544K, 19% used [0x00000006c1a00000,0x00000006c46876b8,0x00000006d0100000)
 Metaspace       used 40536K, capacity 44098K, committed 44160K, reserved 1087488K
  class space    used 4388K, capacity 5504K, committed 5504K, reserved 1048576K
Event: 5.329 GC heap after
Heap after GC invocations=12 (full 3):
 PSYoungGen      total 317440K, used 0K [0x000000076b380000, 0x0000000783780000, 0x00000007c0000000)
  eden space 302592K, 0% used [0x000000076b380000,0x000000076b380000,0x000000077db00000)
  from space 14848K, 0% used [0x000000077db00000,0x000000077db00000,0x000000077e980000)
  to   space 15872K, 0% used [0x0000000782800000,0x0000000782800000,0x0000000783780000)
 ParOldGen       total 299520K, used 54995K [0x00000006c1a00000, 0x00000006d3e80000, 0x000000076b380000)
  object space 299520K, 18% used [0x00000006c1a00000,0x00000006c4fb4e20,0x00000006d3e80000)
 Metaspace       used 40536K, capacity 44098K, committed 44160K, reserved 1087488K
  class space    used 4388K, capacity 5504K, committed 5504K, reserved 1048576K
}
Event: 6.083 GC heap before
{Heap before GC invocations=13 (full 3):
 PSYoungGen      total 317440K, used 302592K [0x000000076b380000, 0x0000000783780000, 0x00000007c0000000)
  eden space 302592K, 100% used [0x000000076b380000,0x000000077db00000,0x000000077db00000)
  from space 14848K, 0% used [0x000000077db00000,0x000000077db00000,0x000000077e980000)
  to   space 15872K, 0% used [0x0000000782800000,0x0000000782800000,0x0000000783780000)
 ParOldGen       total 299520K, used 54995K [0x00000006c1a00000, 0x00000006d3e80000, 0x000000076b380000)
  object space 299520K, 18% used [0x00000006c1a00000,0x00000006c4fb4e20,0x00000006d3e80000)
 Metaspace       used 44592K, capacity 49658K, committed 49792K, reserved 1091584K
  class space    used 5148K, capacity 6681K, committed 6784K, reserved 1048576K
Event: 6.088 GC heap after
Heap after GC invocations=13 (full 3):
 PSYoungGen      total 356864K, used 4207K [0x000000076b380000, 0x0000000782c80000, 0x00000007c0000000)
  eden space 352256K, 0% used [0x000000076b380000,0x000000076b380000,0x0000000780b80000)
  from space 4608K, 91% used [0x0000000782800000,0x0000000782c1bf20,0x0000000782c80000)
  to   space 15872K, 0% used [0x0000000780d80000,0x0000000780d80000,0x0000000781d00000)
 ParOldGen       total 299520K, used 55003K [0x00000006c1a00000, 0x00000006d3e80000, 0x000000076b380000)
  object space 299520K, 18% used [0x00000006c1a00000,0x00000006c4fb6e20,0x00000006d3e80000)
 Metaspace       used 44592K, capacity 49658K, committed 49792K, reserved 1091584K
  class space    used 5148K, capacity 6681K, committed 6784K, reserved 1048576K
}
Event: 6.887 GC heap before
{Heap before GC invocations=14 (full 3):
 PSYoungGen      total 356864K, used 352691K [0x000000076b380000, 0x0000000782c80000, 0x00000007c0000000)
  eden space 352256K, 98% used [0x000000076b380000,0x00000007807d0f40,0x0000000780b80000)
  from space 4608K, 91% used [0x0000000782800000,0x0000000782c1bf20,0x0000000782c80000)
  to   space 15872K, 0% used [0x0000000780d80000,0x0000000780d80000,0x0000000781d00000)
 ParOldGen       total 299520K, used 55003K [0x00000006c1a00000, 0x00000006d3e80000, 0x000000076b380000)
  object space 299520K, 18% used [0x00000006c1a00000,0x00000006c4fb6e20,0x00000006d3e80000)
 Metaspace       used 48797K, capacity 54298K, committed 54528K, reserved 1097728K
  class space    used 5530K, capacity 7085K, committed 7168K, reserved 1048576K
Event: 6.894 GC heap after
Heap after GC invocations=14 (full 3):
 PSYoungGen      total 370176K, used 7980K [0x000000076b380000, 0x0000000785d00000, 0x00000007c0000000)
  eden space 354304K, 0% used [0x000000076b380000,0x000000076b380000,0x0000000780d80000)
  from space 15872K, 50% used [0x0000000780d80000,0x000000078154b0b0,0x0000000781d00000)
  to   space 15360K, 0% used [0x0000000784e00000,0x0000000784e00000,0x0000000785d00000)
 ParOldGen       total 299520K, used 55019K [0x00000006c1a00000, 0x00000006d3e80000, 0x000000076b380000)
  object space 299520K, 18% used [0x00000006c1a00000,0x00000006c4fbae20,0x00000006d3e80000)
 Metaspace       used 48797K, capacity 54298K, committed 54528K, reserved 1097728K
  class space    used 5530K, capacity 7085K, committed 7168K, reserved 1048576K
}

