# JRE version: Java(TM) SE Runtime Environment (8.0_91-b15) (build 1.8.0_91-b15)
# Java VM: Java HotSpot(TM) 64-Bit Server VM (25.91-b15 mixed mode windows-amd64 compressed oops)
Heap:
 PSYoungGen      total 349696K, used 103113K [0x000000076b380000, 0x0000000784a00000, 0x00000007c0000000)
  eden space 330752K, 29% used [0x000000076b380000,0x00000007712c31b0,0x000000077f680000)
  from space 18944K, 29% used [0x000000077f680000,0x000000077fbef340,0x0000000780900000)
  to   space 18432K, 0% used [0x0000000783800000,0x0000000783800000,0x0000000784a00000)
 ParOldGen       total 312320K, used 55166K [0x00000006c1a00000, 0x00000006d4b00000, 0x000000076b380000)
  object space 312320K, 17% used [0x00000006c1a00000,0x00000006c4fdfbd8,0x00000006d4b00000)
 Metaspace       used 48355K, capacity 53816K, committed 54064K, reserved 1095680K
  class space    used 5377K, capacity 6869K, committed 6960K, reserved 1048576K
GC Heap History (10 events):
Event: 4.556 GC heap before
{Heap before GC invocations=10 (full 2):
 PSYoungGen      total 267776K, used 257526K [0x000000076b380000, 0x000000077eb80000, 0x00000007c0000000)
  eden space 252416K, 100% used [0x000000076b380000,0x000000077aa00000,0x000000077aa00000)
  from space 15360K, 33% used [0x000000077aa00000,0x000000077aefd858,0x000000077b900000)
  to   space 15360K, 0% used [0x000000077dc80000,0x000000077dc80000,0x000000077eb80000)
 ParOldGen       total 245760K, used 45760K [0x00000006c1a00000, 0x00000006d0a00000, 0x000000076b380000)
  object space 245760K, 18% used [0x00000006c1a00000,0x00000006c46b0200,0x00000006d0a00000)
 Metaspace       used 34275K, capacity 37561K, committed 37936K, reserved 1083392K
  class space    used 3790K, capacity 4792K, committed 4912K, reserved 1048576K
Event: 4.567 GC heap after
Heap after GC invocations=10 (full 2):
 PSYoungGen      total 301056K, used 15344K [0x000000076b380000, 0x0000000782000000, 0x00000007c0000000)
  eden space 285696K, 0% used [0x000000076b380000,0x000000076b380000,0x000000077ca80000)
  from space 15360K, 99% used [0x000000077dc80000,0x000000077eb7c228,0x000000077eb80000)
  to   space 18432K, 0% used [0x000000077ca80000,0x000000077ca80000,0x000000077dc80000)
 ParOldGen       total 245760K, used 48094K [0x00000006c1a00000, 0x00000006d0a00000, 0x000000076b380000)
  object space 245760K, 19% used [0x00000006c1a00000,0x00000006c48f7b68,0x00000006d0a00000)
 Metaspace       used 34275K, capacity 37561K, committed 37936K, reserved 1083392K
  class space    used 3790K, capacity 4792K, committed 4912K, reserved 1048576K
}
Event: 5.277 GC heap before
{Heap before GC invocations=11 (full 2):
 PSYoungGen      total 301056K, used 225338K [0x000000076b380000, 0x0000000782000000, 0x00000007c0000000)
  eden space 285696K, 73% used [0x000000076b380000,0x0000000778092618,0x000000077ca80000)
  from space 15360K, 99% used [0x000000077dc80000,0x000000077eb7c228,0x000000077eb80000)
  to   space 18432K, 0% used [0x000000077ca80000,0x000000077ca80000,0x000000077dc80000)
 ParOldGen       total 245760K, used 48094K [0x00000006c1a00000, 0x00000006d0a00000, 0x000000076b380000)
  object space 245760K, 19% used [0x00000006c1a00000,0x00000006c48f7b68,0x00000006d0a00000)
 Metaspace       used 40600K, capacity 44150K, committed 44208K, reserved 1087488K
  class space    used 4436K, capacity 5539K, committed 5552K, reserved 1048576K
Event: 5.286 GC heap after
Heap after GC invocations=11 (full 2):
 PSYoungGen      total 304128K, used 12473K [0x000000076b380000, 0x0000000782480000, 0x00000007c0000000)
  eden space 285696K, 0% used [0x000000076b380000,0x000000076b380000,0x000000077ca80000)
  from space 18432K, 67% used [0x000000077ca80000,0x000000077d6ae718,0x000000077dc80000)
  to   space 18944K, 0% used [0x0000000781200000,0x0000000781200000,0x0000000782480000)
 ParOldGen       total 245760K, used 48102K [0x00000006c1a00000, 0x00000006d0a00000, 0x000000076b380000)
  object space 245760K, 19% used [0x00000006c1a00000,0x00000006c48f9b68,0x00000006d0a00000)
 Metaspace       used 40600K, capacity 44150K, committed 44208K, reserved 1087488K
  class space    used 4436K, capacity 5539K, committed 5552K, reserved 1048576K
}
Event: 5.286 GC heap before
{Heap before GC invocations=12 (full 3):
 PSYoungGen      total 304128K, used 12473K [0x000000076b380000, 0x0000000782480000, 0x00000007c0000000)
  eden space 285696K, 0% used [0x000000076b380000,0x000000076b380000,0x000000077ca80000)
  from space 18432K, 67% used [0x000000077ca80000,0x000000077d6ae718,0x000000077dc80000)
  to   space 18944K, 0% used [0x0000000781200000,0x0000000781200000,0x0000000782480000)
 ParOldGen       total 245760K, used 48102K [0x00000006c1a00000, 0x00000006d0a00000, 0x000000076b380000)
  object space 245760K, 19% used [0x00000006c1a00000,0x00000006c48f9b68,0x00000006d0a00000)
 Metaspace       used 40600K, capacity 44150K, committed 44208K, reserved 1087488K
  class space    used 4436K, capacity 5539K, committed 5552K, reserved 1048576K
Event: 5.387 GC heap after
Heap after GC invocations=12 (full 3):
 PSYoungGen      total 304128K, used 0K [0x000000076b380000, 0x0000000782480000, 0x00000007c0000000)
  eden space 285696K, 0% used [0x000000076b380000,0x000000076b380000,0x000000077ca80000)
  from space 18432K, 0% used [0x000000077ca80000,0x000000077ca80000,0x000000077dc80000)
  to   space 18944K, 0% used [0x0000000781200000,0x0000000781200000,0x0000000782480000)
 ParOldGen       total 312320K, used 55150K [0x00000006c1a00000, 0x00000006d4b00000, 0x000000076b380000)
  object space 312320K, 17% used [0x00000006c1a00000,0x00000006c4fdbbd8,0x00000006d4b00000)
 Metaspace       used 40600K, capacity 44150K, committed 44208K, reserved 1087488K
  class space    used 4436K, capacity 5539K, committed 5552K, reserved 1048576K
}
Event: 6.552 GC heap before
{Heap before GC invocations=13 (full 3):
 PSYoungGen      total 304128K, used 285696K [0x000000076b380000, 0x0000000782480000, 0x00000007c0000000)
  eden space 285696K, 100% used [0x000000076b380000,0x000000077ca80000,0x000000077ca80000)
  from space 18432K, 0% used [0x000000077ca80000,0x000000077ca80000,0x000000077dc80000)
  to   space 18944K, 0% used [0x0000000781200000,0x0000000781200000,0x0000000782480000)
 ParOldGen       total 312320K, used 55150K [0x00000006c1a00000, 0x00000006d4b00000, 0x000000076b380000)
  object space 312320K, 17% used [0x00000006c1a00000,0x00000006c4fdbbd8,0x00000006d4b00000)
 Metaspace       used 46216K, capacity 50936K, committed 50992K, reserved 1093632K
  class space    used 5227K, capacity 6666K, committed 6704K, reserved 1048576K
Event: 6.558 GC heap after
Heap after GC invocations=13 (full 3):
 PSYoungGen      total 340480K, used 5309K [0x000000076b380000, 0x0000000781b80000, 0x00000007c0000000)
  eden space 330752K, 0% used [0x000000076b380000,0x000000076b380000,0x000000077f680000)
  from space 9728K, 54% used [0x0000000781200000,0x000000078172f520,0x0000000781b80000)
  to   space 18944K, 0% used [0x000000077f680000,0x000000077f680000,0x0000000780900000)
 ParOldGen       total 312320K, used 55158K [0x00000006c1a00000, 0x00000006d4b00000, 0x000000076b380000)
  object space 312320K, 17% used [0x00000006c1a00000,0x00000006c4fddbd8,0x00000006d4b00000)
 Metaspace       used 46216K, capacity 50936K, committed 50992K, reserved 1093632K
  class space    used 5227K, capacity 6666K, committed 6704K, reserved 1048576K
}
Event: 7.157 GC heap before
{Heap before GC invocations=14 (full 3):
 PSYoungGen      total 340480K, used 329216K [0x000000076b380000, 0x0000000781b80000, 0x00000007c0000000)
  eden space 330752K, 97% used [0x000000076b380000,0x000000077efd0e48,0x000000077f680000)
  from space 9728K, 54% used [0x0000000781200000,0x000000078172f520,0x0000000781b80000)
  to   space 18944K, 0% used [0x000000077f680000,0x000000077f680000,0x0000000780900000)
 ParOldGen       total 312320K, used 55158K [0x00000006c1a00000, 0x00000006d4b00000, 0x000000076b380000)
  object space 312320K, 17% used [0x00000006c1a00000,0x00000006c4fddbd8,0x00000006d4b00000)
 Metaspace       used 48213K, capacity 53620K, committed 53808K, reserved 1095680K
  class space    used 5369K, capacity 6861K, committed 6960K, reserved 1048576K
Event: 7.163 GC heap after
Heap after GC invocations=14 (full 3):
 PSYoungGen      total 349696K, used 5564K [0x000000076b380000, 0x0000000784a00000, 0x00000007c0000000)
  eden space 330752K, 0% used [0x000000076b380000,0x000000076b380000,0x000000077f680000)
  from space 18944K, 29% used [0x000000077f680000,0x000000077fbef340,0x0000000780900000)
  to   space 18432K, 0% used [0x0000000783800000,0x0000000783800000,0x0000000784a00000)
 ParOldGen       total 312320K, used 55166K [0x00000006c1a00000, 0x00000006d4b00000, 0x000000076b380000)
  object space 312320K, 17% used [0x00000006c1a00000,0x00000006c4fdfbd8,0x00000006d4b00000)
 Metaspace       used 48213K, capacity 53620K, committed 53808K, reserved 1095680K
  class space    used 5369K, capacity 6861K, committed 6960K, reserved 1048576K
}

